<?xml version="1.0" encoding="UTF-8"?>
<testsuite xmlns:xsi="http://www.w3.org/2001/XMLSchema-instance" xsi:noNamespaceSchemaLocation="https://maven.apache.org/surefire/maven-surefire-plugin/xsd/surefire-test-report-3.0.xsd" version="3.0" name="cucumber.Options.TestRunner" time="0.096" tests="1" errors="1" skipped="0" failures="0">
  <properties>
[...]
</properties>
  <testcase name="initializationError" classname="cucumber.Options.TestRunner" time="0.006">
    <error message="Failed to parse &apos;cucumber.filter.tags&apos; with value &apos;--tags @AddPlace&apos;" type="io.cucumber.core.exception.CucumberException"><![CDATA[io.cucumber.core.exception.CucumberException: Failed to parse 'cucumber.filter.tags' with value '--tags @AddPlace'
	at io.cucumber.core.options.CucumberPropertiesParser.parseAll(CucumberPropertiesParser.java:171)
	at io.cucumber.core.options.CucumberPropertiesParser.parse(CucumberPropertiesParser.java:156)
	at io.cucumber.core.options.CucumberPropertiesParser.parse(CucumberPropertiesParser.java:90)
	at io.cucumber.core.options.CucumberPropertiesParser.parse(CucumberPropertiesParser.java:46)
	at io.cucumber.junit.Cucumber.<init>(Cucumber.java:128)
	at java.base/jdk.internal.reflect.NativeConstructorAccessorImpl.newInstance0(Native Method)
	at java.base/jdk.internal.reflect.NativeConstructorAccessorImpl.newInstance(NativeConstructorAccessorImpl.java:77)
	at java.base/jdk.internal.reflect.DelegatingConstructorAccessorImpl.newInstance(DelegatingConstructorAccessorImpl.java:45)
	at java.base/java.lang.reflect.Constructor.newInstanceWithCaller(Constructor.java:499)
	at java.base/java.lang.reflect.Constructor.newInstance(Constructor.java:480)
	at org.junit.internal.builders.AnnotatedBuilder.buildRunner(AnnotatedBuilder.java:29)
	at org.junit.internal.builders.AnnotatedBuilder.runnerForClass(AnnotatedBuilder.java:21)
	at org.junit.runners.model.RunnerBuilder.safeRunnerForClass(RunnerBuilder.java:59)
	at org.junit.internal.builders.AllDefaultPossibilitiesBuilder.runnerForClass(AllDefaultPossibilitiesBuilder.java:26)
	at org.junit.runners.model.RunnerBuilder.safeRunnerForClass(RunnerBuilder.java:59)
	at org.junit.internal.requests.ClassRequest.getRunner(ClassRequest.java:26)
	at org.apache.maven.surefire.junit4.JUnit4Provider.execute(JUnit4Provider.java:374)
	at org.apache.maven.surefire.junit4.JUnit4Provider.executeWithRerun(JUnit4Provider.java:284)
	at org.apache.maven.surefire.junit4.JUnit4Provider.executeTestSet(JUnit4Provider.java:248)
	at org.apache.maven.surefire.junit4.JUnit4Provider.invoke(JUnit4Provider.java:167)
	at org.apache.maven.surefire.booter.ForkedBooter.runSuitesInProcess(ForkedBooter.java:456)
	at org.apache.maven.surefire.booter.ForkedBooter.execute(ForkedBooter.java:169)
	at org.apache.maven.surefire.booter.ForkedBooter.run(ForkedBooter.java:595)
	at org.apache.maven.surefire.booter.ForkedBooter.main(ForkedBooter.java:581)
Caused by: io.cucumber.tagexpressions.TagExpressionException: Tag expression "--tags @AddPlace" could not be parsed because of syntax error: Expected operator.
	at io.cucumber.tagexpressions.TagExpressionParser.check(TagExpressionParser.java:127)
	at io.cucumber.tagexpressions.TagExpressionParser.parse(TagExpressionParser.java:76)
	at io.cucumber.tagexpressions.TagExpressionParser.parse(TagExpressionParser.java:29)
	at java.base/java.util.function.Function.lambda$andThen$1(Function.java:88)
	at io.cucumber.core.options.CucumberPropertiesParser.parseAll(CucumberPropertiesParser.java:168)
	... 23 more
]]></error>
  </testcase>
</testsuite>